0 info it worked if it ends with ok
1 verbose cli [ '/Users/krishnadamarla/.meteor/packages/meteor-tool/.1.4.1_1.1h0re2h++os.osx.x86_64+web.browser+web.cordova/mt-os.osx.x86_64/dev_bundle/bin/node',
1 verbose cli   '/Users/krishnadamarla/.meteor/packages/meteor-tool/1.4.1_1/mt-os.osx.x86_64/dev_bundle/bin/npm',
1 verbose cli   'install',
1 verbose cli   '--save',
1 verbose cli   'bcrypt' ]
2 info using npm@3.10.6
3 info using node@v4.5.0
4 silly loadCurrentTree Starting
5 silly install loadCurrentTree
6 silly install readLocalPackageData
7 silly fetchPackageMetaData bcrypt
8 silly fetchNamedPackageData bcrypt
9 silly mapToRegistry name bcrypt
10 silly mapToRegistry using default registry
11 silly mapToRegistry registry https://registry.npmjs.org/
12 silly mapToRegistry data Result {
12 silly mapToRegistry   raw: 'bcrypt',
12 silly mapToRegistry   scope: null,
12 silly mapToRegistry   escapedName: 'bcrypt',
12 silly mapToRegistry   name: 'bcrypt',
12 silly mapToRegistry   rawSpec: '',
12 silly mapToRegistry   spec: 'latest',
12 silly mapToRegistry   type: 'tag' }
13 silly mapToRegistry uri https://registry.npmjs.org/bcrypt
14 verbose request uri https://registry.npmjs.org/bcrypt
15 verbose request no auth needed
16 info attempt registry request try #1 at 5:07:17 PM
17 verbose request id 894400ae9dd0bc07
18 http request GET https://registry.npmjs.org/bcrypt
19 http 200 https://registry.npmjs.org/bcrypt
20 verbose headers { server: 'CouchDB/1.6.1 (Erlang OTP/R16B03)',
20 verbose headers   etag: '"2W7CTWO1ETKY4R5XARYMM9SFN"',
20 verbose headers   'content-type': 'application/json',
20 verbose headers   'content-encoding': 'gzip',
20 verbose headers   'cache-control': 'max-age=300',
20 verbose headers   'content-length': '11903',
20 verbose headers   'accept-ranges': 'bytes',
20 verbose headers   date: 'Mon, 03 Oct 2016 22:07:18 GMT',
20 verbose headers   via: '1.1 varnish',
20 verbose headers   age: '272',
20 verbose headers   connection: 'keep-alive',
20 verbose headers   'x-served-by': 'cache-ord1745-ORD',
20 verbose headers   'x-cache': 'HIT',
20 verbose headers   'x-cache-hits': '1',
20 verbose headers   'x-timer': 'S1475532438.090405,VS0,VE0',
20 verbose headers   vary: 'Accept-Encoding' }
21 silly get cb [ 200,
21 silly get   { server: 'CouchDB/1.6.1 (Erlang OTP/R16B03)',
21 silly get     etag: '"2W7CTWO1ETKY4R5XARYMM9SFN"',
21 silly get     'content-type': 'application/json',
21 silly get     'content-encoding': 'gzip',
21 silly get     'cache-control': 'max-age=300',
21 silly get     'content-length': '11903',
21 silly get     'accept-ranges': 'bytes',
21 silly get     date: 'Mon, 03 Oct 2016 22:07:18 GMT',
21 silly get     via: '1.1 varnish',
21 silly get     age: '272',
21 silly get     connection: 'keep-alive',
21 silly get     'x-served-by': 'cache-ord1745-ORD',
21 silly get     'x-cache': 'HIT',
21 silly get     'x-cache-hits': '1',
21 silly get     'x-timer': 'S1475532438.090405,VS0,VE0',
21 silly get     vary: 'Accept-Encoding' } ]
22 verbose get saving bcrypt to /Users/krishnadamarla/.npm/registry.npmjs.org/bcrypt/.cache.json
23 verbose correctMkdir /Users/krishnadamarla/.npm correctMkdir not in flight; initializing
24 silly install normalizeTree
25 silly loadCurrentTree Finishing
26 silly loadIdealTree Starting
27 silly install loadIdealTree
28 silly cloneCurrentTree Starting
29 silly install cloneCurrentTreeToIdealTree
30 silly cloneCurrentTree Finishing
31 silly loadShrinkwrap Starting
32 silly install loadShrinkwrap
33 silly loadShrinkwrap Finishing
34 silly loadAllDepsIntoIdealTree Starting
35 silly install loadAllDepsIntoIdealTree
36 silly resolveWithNewModule bcrypt@0.8.7 checking installable status
37 silly cache add args [ 'bcrypt', null ]
38 verbose cache add spec bcrypt
39 silly cache add parsed spec Result {
39 silly cache add   raw: 'bcrypt',
39 silly cache add   scope: null,
39 silly cache add   escapedName: 'bcrypt',
39 silly cache add   name: 'bcrypt',
39 silly cache add   rawSpec: '',
39 silly cache add   spec: 'latest',
39 silly cache add   type: 'tag' }
40 silly addNamed bcrypt@latest
41 verbose addNamed "latest" is being treated as a dist-tag for bcrypt
42 info addNameTag [ 'bcrypt', 'latest' ]
43 silly mapToRegistry name bcrypt
44 silly mapToRegistry using default registry
45 silly mapToRegistry registry https://registry.npmjs.org/
46 silly mapToRegistry data Result {
46 silly mapToRegistry   raw: 'bcrypt',
46 silly mapToRegistry   scope: null,
46 silly mapToRegistry   escapedName: 'bcrypt',
46 silly mapToRegistry   name: 'bcrypt',
46 silly mapToRegistry   rawSpec: '',
46 silly mapToRegistry   spec: 'latest',
46 silly mapToRegistry   type: 'tag' }
47 silly mapToRegistry uri https://registry.npmjs.org/bcrypt
48 verbose addNameTag registry:https://registry.npmjs.org/bcrypt not in flight; fetching
49 verbose get https://registry.npmjs.org/bcrypt not expired, no request
50 silly addNameTag next cb for bcrypt with tag latest
51 silly addNamed bcrypt@0.8.7
52 verbose addNamed "0.8.7" is a plain semver version for bcrypt
53 silly mapToRegistry name bcrypt
54 silly mapToRegistry using default registry
55 silly mapToRegistry registry https://registry.npmjs.org/
56 silly mapToRegistry data Result {
56 silly mapToRegistry   raw: 'bcrypt',
56 silly mapToRegistry   scope: null,
56 silly mapToRegistry   escapedName: 'bcrypt',
56 silly mapToRegistry   name: 'bcrypt',
56 silly mapToRegistry   rawSpec: '',
56 silly mapToRegistry   spec: 'latest',
56 silly mapToRegistry   type: 'tag' }
57 silly mapToRegistry uri https://registry.npmjs.org/bcrypt
58 verbose addRemoteTarball https://registry.npmjs.org/bcrypt/-/bcrypt-0.8.7.tgz not in flight; adding
59 verbose addRemoteTarball [ 'https://registry.npmjs.org/bcrypt/-/bcrypt-0.8.7.tgz',
59 verbose addRemoteTarball   'bc3875a9afd0a7b2cd231a6a7f218a5ce156b093' ]
60 info retry fetch attempt 1 at 5:07:18 PM
61 info attempt registry request try #1 at 5:07:18 PM
62 http fetch GET https://registry.npmjs.org/bcrypt/-/bcrypt-0.8.7.tgz
63 http fetch 200 https://registry.npmjs.org/bcrypt/-/bcrypt-0.8.7.tgz
64 silly fetchAndShaCheck shasum bc3875a9afd0a7b2cd231a6a7f218a5ce156b093
65 verbose addTmpTarball /var/folders/n8/wqtdctl11r5dmzllnz8gs3r00000gn/T/npm-932-11647e3e/registry.npmjs.org/bcrypt/-/bcrypt-0.8.7.tgz not in flight; adding
66 verbose addTmpTarball already have metadata; skipping unpack for bcrypt@0.8.7
67 verbose correctMkdir /Users/krishnadamarla/.npm correctMkdir not in flight; initializing
68 silly cache afterAdd bcrypt@0.8.7
69 verbose afterAdd /Users/krishnadamarla/.npm/bcrypt/0.8.7/package/package.json not in flight; writing
70 verbose correctMkdir /Users/krishnadamarla/.npm correctMkdir not in flight; initializing
71 verbose afterAdd /Users/krishnadamarla/.npm/bcrypt/0.8.7/package/package.json written
72 silly fetchNamedPackageData bindings
73 silly mapToRegistry name bindings
74 silly mapToRegistry using default registry
75 silly mapToRegistry registry https://registry.npmjs.org/
76 silly mapToRegistry data Result {
76 silly mapToRegistry   raw: 'bindings',
76 silly mapToRegistry   scope: null,
76 silly mapToRegistry   escapedName: 'bindings',
76 silly mapToRegistry   name: 'bindings',
76 silly mapToRegistry   rawSpec: '',
76 silly mapToRegistry   spec: 'latest',
76 silly mapToRegistry   type: 'tag' }
77 silly mapToRegistry uri https://registry.npmjs.org/bindings
78 silly fetchNamedPackageData nan
79 silly mapToRegistry name nan
80 silly mapToRegistry using default registry
81 silly mapToRegistry registry https://registry.npmjs.org/
82 silly mapToRegistry data Result {
82 silly mapToRegistry   raw: 'nan',
82 silly mapToRegistry   scope: null,
82 silly mapToRegistry   escapedName: 'nan',
82 silly mapToRegistry   name: 'nan',
82 silly mapToRegistry   rawSpec: '',
82 silly mapToRegistry   spec: 'latest',
82 silly mapToRegistry   type: 'tag' }
83 silly mapToRegistry uri https://registry.npmjs.org/nan
84 verbose request uri https://registry.npmjs.org/bindings
85 verbose request no auth needed
86 info attempt registry request try #1 at 5:07:18 PM
87 verbose etag "BCS5XYG9ISNJFNKEL5FLOI5HX"
88 http request GET https://registry.npmjs.org/bindings
89 verbose request uri https://registry.npmjs.org/nan
90 verbose request no auth needed
91 info attempt registry request try #1 at 5:07:18 PM
92 verbose etag "41PIK59ZUA3ADEJCQ281I0TDQ"
93 http request GET https://registry.npmjs.org/nan
94 http 200 https://registry.npmjs.org/bindings
95 verbose headers { server: 'CouchDB/1.5.0 (Erlang OTP/R16B03)',
95 verbose headers   etag: '"C1AW6UVQGY4VZQGFC1WTIGMDV"',
95 verbose headers   'content-type': 'application/json',
95 verbose headers   'content-encoding': 'gzip',
95 verbose headers   'cache-control': 'max-age=300',
95 verbose headers   'content-length': '3811',
95 verbose headers   'accept-ranges': 'bytes',
95 verbose headers   date: 'Mon, 03 Oct 2016 22:07:18 GMT',
95 verbose headers   via: '1.1 varnish',
95 verbose headers   age: '133',
95 verbose headers   connection: 'keep-alive',
95 verbose headers   'x-served-by': 'cache-ord1745-ORD',
95 verbose headers   'x-cache': 'HIT',
95 verbose headers   'x-cache-hits': '1',
95 verbose headers   'x-timer': 'S1475532438.226959,VS0,VE0',
95 verbose headers   vary: 'Accept-Encoding' }
96 silly get cb [ 200,
96 silly get   { server: 'CouchDB/1.5.0 (Erlang OTP/R16B03)',
96 silly get     etag: '"C1AW6UVQGY4VZQGFC1WTIGMDV"',
96 silly get     'content-type': 'application/json',
96 silly get     'content-encoding': 'gzip',
96 silly get     'cache-control': 'max-age=300',
96 silly get     'content-length': '3811',
96 silly get     'accept-ranges': 'bytes',
96 silly get     date: 'Mon, 03 Oct 2016 22:07:18 GMT',
96 silly get     via: '1.1 varnish',
96 silly get     age: '133',
96 silly get     connection: 'keep-alive',
96 silly get     'x-served-by': 'cache-ord1745-ORD',
96 silly get     'x-cache': 'HIT',
96 silly get     'x-cache-hits': '1',
96 silly get     'x-timer': 'S1475532438.226959,VS0,VE0',
96 silly get     vary: 'Accept-Encoding' } ]
97 verbose get saving bindings to /Users/krishnadamarla/.npm/registry.npmjs.org/bindings/.cache.json
98 verbose correctMkdir /Users/krishnadamarla/.npm correctMkdir not in flight; initializing
99 silly resolveWithNewModule bindings@1.2.1 checking installable status
100 silly cache add args [ 'bindings@1.2.1', null ]
101 verbose cache add spec bindings@1.2.1
102 silly cache add parsed spec Result {
102 silly cache add   raw: 'bindings@1.2.1',
102 silly cache add   scope: null,
102 silly cache add   escapedName: 'bindings',
102 silly cache add   name: 'bindings',
102 silly cache add   rawSpec: '1.2.1',
102 silly cache add   spec: '1.2.1',
102 silly cache add   type: 'version' }
103 silly addNamed bindings@1.2.1
104 verbose addNamed "1.2.1" is a plain semver version for bindings
105 silly mapToRegistry name bindings
106 silly mapToRegistry using default registry
107 silly mapToRegistry registry https://registry.npmjs.org/
108 silly mapToRegistry data Result {
108 silly mapToRegistry   raw: 'bindings',
108 silly mapToRegistry   scope: null,
108 silly mapToRegistry   escapedName: 'bindings',
108 silly mapToRegistry   name: 'bindings',
108 silly mapToRegistry   rawSpec: '',
108 silly mapToRegistry   spec: 'latest',
108 silly mapToRegistry   type: 'tag' }
109 silly mapToRegistry uri https://registry.npmjs.org/bindings
110 verbose addNameVersion registry:https://registry.npmjs.org/bindings not in flight; fetching
111 verbose get https://registry.npmjs.org/bindings not expired, no request
112 silly cache afterAdd bindings@1.2.1
113 verbose afterAdd /Users/krishnadamarla/.npm/bindings/1.2.1/package/package.json not in flight; writing
114 verbose correctMkdir /Users/krishnadamarla/.npm correctMkdir not in flight; initializing
115 verbose afterAdd /Users/krishnadamarla/.npm/bindings/1.2.1/package/package.json written
116 http 200 https://registry.npmjs.org/nan
117 verbose headers { server: 'CouchDB/1.5.0 (Erlang OTP/R16B03)',
117 verbose headers   etag: '"1YJEPM5V4XH0MZT0HV3B8R9BB"',
117 verbose headers   'content-type': 'application/json',
117 verbose headers   'content-encoding': 'gzip',
117 verbose headers   'cache-control': 'max-age=300',
117 verbose headers   'content-length': '17162',
117 verbose headers   'accept-ranges': 'bytes',
117 verbose headers   date: 'Mon, 03 Oct 2016 22:07:18 GMT',
117 verbose headers   via: '1.1 varnish',
117 verbose headers   age: '299',
117 verbose headers   connection: 'keep-alive',
117 verbose headers   'x-served-by': 'cache-ord1743-ORD',
117 verbose headers   'x-cache': 'HIT',
117 verbose headers   'x-cache-hits': '2',
117 verbose headers   'x-timer': 'S1475532438.266883,VS0,VE0',
117 verbose headers   vary: 'Accept-Encoding' }
118 silly get cb [ 200,
118 silly get   { server: 'CouchDB/1.5.0 (Erlang OTP/R16B03)',
118 silly get     etag: '"1YJEPM5V4XH0MZT0HV3B8R9BB"',
118 silly get     'content-type': 'application/json',
118 silly get     'content-encoding': 'gzip',
118 silly get     'cache-control': 'max-age=300',
118 silly get     'content-length': '17162',
118 silly get     'accept-ranges': 'bytes',
118 silly get     date: 'Mon, 03 Oct 2016 22:07:18 GMT',
118 silly get     via: '1.1 varnish',
118 silly get     age: '299',
118 silly get     connection: 'keep-alive',
118 silly get     'x-served-by': 'cache-ord1743-ORD',
118 silly get     'x-cache': 'HIT',
118 silly get     'x-cache-hits': '2',
118 silly get     'x-timer': 'S1475532438.266883,VS0,VE0',
118 silly get     vary: 'Accept-Encoding' } ]
119 verbose get saving nan to /Users/krishnadamarla/.npm/registry.npmjs.org/nan/.cache.json
120 verbose correctMkdir /Users/krishnadamarla/.npm correctMkdir not in flight; initializing
121 silly resolveWithNewModule nan@2.3.5 checking installable status
122 silly cache add args [ 'nan@2.3.5', null ]
123 verbose cache add spec nan@2.3.5
124 silly cache add parsed spec Result {
124 silly cache add   raw: 'nan@2.3.5',
124 silly cache add   scope: null,
124 silly cache add   escapedName: 'nan',
124 silly cache add   name: 'nan',
124 silly cache add   rawSpec: '2.3.5',
124 silly cache add   spec: '2.3.5',
124 silly cache add   type: 'version' }
125 silly addNamed nan@2.3.5
126 verbose addNamed "2.3.5" is a plain semver version for nan
127 silly mapToRegistry name nan
128 silly mapToRegistry using default registry
129 silly mapToRegistry registry https://registry.npmjs.org/
130 silly mapToRegistry data Result {
130 silly mapToRegistry   raw: 'nan',
130 silly mapToRegistry   scope: null,
130 silly mapToRegistry   escapedName: 'nan',
130 silly mapToRegistry   name: 'nan',
130 silly mapToRegistry   rawSpec: '',
130 silly mapToRegistry   spec: 'latest',
130 silly mapToRegistry   type: 'tag' }
131 silly mapToRegistry uri https://registry.npmjs.org/nan
132 verbose addNameVersion registry:https://registry.npmjs.org/nan not in flight; fetching
133 verbose get https://registry.npmjs.org/nan not expired, no request
134 silly mapToRegistry name nan
135 silly mapToRegistry using default registry
136 silly mapToRegistry registry https://registry.npmjs.org/
137 silly mapToRegistry data Result {
137 silly mapToRegistry   raw: 'nan',
137 silly mapToRegistry   scope: null,
137 silly mapToRegistry   escapedName: 'nan',
137 silly mapToRegistry   name: 'nan',
137 silly mapToRegistry   rawSpec: '',
137 silly mapToRegistry   spec: 'latest',
137 silly mapToRegistry   type: 'tag' }
138 silly mapToRegistry uri https://registry.npmjs.org/nan
139 verbose addRemoteTarball https://registry.npmjs.org/nan/-/nan-2.3.5.tgz not in flight; adding
140 verbose addRemoteTarball [ 'https://registry.npmjs.org/nan/-/nan-2.3.5.tgz',
140 verbose addRemoteTarball   '822a0dc266290ce4cd3a12282ca3e7e364668a08' ]
141 info retry fetch attempt 1 at 5:07:18 PM
142 info attempt registry request try #1 at 5:07:18 PM
143 http fetch GET https://registry.npmjs.org/nan/-/nan-2.3.5.tgz
144 http fetch 200 https://registry.npmjs.org/nan/-/nan-2.3.5.tgz
145 silly fetchAndShaCheck shasum 822a0dc266290ce4cd3a12282ca3e7e364668a08
146 verbose addTmpTarball /var/folders/n8/wqtdctl11r5dmzllnz8gs3r00000gn/T/npm-932-11647e3e/registry.npmjs.org/nan/-/nan-2.3.5.tgz not in flight; adding
147 verbose addTmpTarball already have metadata; skipping unpack for nan@2.3.5
148 verbose correctMkdir /Users/krishnadamarla/.npm correctMkdir not in flight; initializing
149 silly cache afterAdd nan@2.3.5
150 verbose afterAdd /Users/krishnadamarla/.npm/nan/2.3.5/package/package.json not in flight; writing
151 verbose correctMkdir /Users/krishnadamarla/.npm correctMkdir not in flight; initializing
152 verbose afterAdd /Users/krishnadamarla/.npm/nan/2.3.5/package/package.json written
153 silly loadAllDepsIntoIdealTree Finishing
154 silly loadIdealTree Finishing
155 silly currentTree Tutorial_Hunt@
156 silly idealTree Tutorial_Hunt@
156 silly idealTree ├── bcrypt@0.8.7
156 silly idealTree ├── bindings@1.2.1
156 silly idealTree └── nan@2.3.5
157 silly generateActionsToTake Starting
158 silly install generateActionsToTake
159 silly generateActionsToTake Finishing
160 silly diffTrees action count 3
161 silly diffTrees add bindings@1.2.1
162 silly diffTrees add nan@2.3.5
163 silly diffTrees add bcrypt@0.8.7
164 silly decomposeActions action count 24
165 silly decomposeActions fetch bindings@1.2.1
166 silly decomposeActions extract bindings@1.2.1
167 silly decomposeActions test bindings@1.2.1
168 silly decomposeActions preinstall bindings@1.2.1
169 silly decomposeActions build bindings@1.2.1
170 silly decomposeActions install bindings@1.2.1
171 silly decomposeActions postinstall bindings@1.2.1
172 silly decomposeActions finalize bindings@1.2.1
173 silly decomposeActions fetch nan@2.3.5
174 silly decomposeActions extract nan@2.3.5
175 silly decomposeActions test nan@2.3.5
176 silly decomposeActions preinstall nan@2.3.5
177 silly decomposeActions build nan@2.3.5
178 silly decomposeActions install nan@2.3.5
179 silly decomposeActions postinstall nan@2.3.5
180 silly decomposeActions finalize nan@2.3.5
181 silly decomposeActions fetch bcrypt@0.8.7
182 silly decomposeActions extract bcrypt@0.8.7
183 silly decomposeActions test bcrypt@0.8.7
184 silly decomposeActions preinstall bcrypt@0.8.7
185 silly decomposeActions build bcrypt@0.8.7
186 silly decomposeActions install bcrypt@0.8.7
187 silly decomposeActions postinstall bcrypt@0.8.7
188 silly decomposeActions finalize bcrypt@0.8.7
189 silly executeActions Starting
190 silly install executeActions
191 silly doSerial global-install 0
192 silly doParallel fetch 3
193 verbose correctMkdir /Users/krishnadamarla/.npm/_locks correctMkdir not in flight; initializing
194 warn locking Error: EACCES: permission denied, open '/Users/krishnadamarla/.npm/_locks/staging-fc2451c46bfd0795.lock'
194 warn locking     at Error (native)
194 warn locking  /Users/krishnadamarla/.npm/_locks/staging-fc2451c46bfd0795.lock failed { [Error: EACCES: permission denied, open '/Users/krishnadamarla/.npm/_locks/staging-fc2451c46bfd0795.lock']
194 warn locking   errno: -13,
194 warn locking   code: 'EACCES',
194 warn locking   syscall: 'open',
194 warn locking   path: '/Users/krishnadamarla/.npm/_locks/staging-fc2451c46bfd0795.lock' }
195 silly rollbackFailedOptional Starting
196 silly rollbackFailedOptional Finishing
197 silly runTopLevelLifecycles Starting
198 silly runTopLevelLifecycles Finishing
199 silly install printInstalled
200 verbose stack Error: EACCES: permission denied, open '/Users/krishnadamarla/.npm/_locks/staging-fc2451c46bfd0795.lock'
200 verbose stack     at Error (native)
201 verbose cwd /Users/krishnadamarla/Tutorial_Hunt
202 error Darwin 15.3.0
203 error argv "/Users/krishnadamarla/.meteor/packages/meteor-tool/.1.4.1_1.1h0re2h++os.osx.x86_64+web.browser+web.cordova/mt-os.osx.x86_64/dev_bundle/bin/node" "/Users/krishnadamarla/.meteor/packages/meteor-tool/1.4.1_1/mt-os.osx.x86_64/dev_bundle/bin/npm" "install" "--save" "bcrypt"
204 error node v4.5.0
205 error npm  v3.10.6
206 error path /Users/krishnadamarla/.npm/_locks/staging-fc2451c46bfd0795.lock
207 error code EACCES
208 error errno -13
209 error syscall open
210 error Error: EACCES: permission denied, open '/Users/krishnadamarla/.npm/_locks/staging-fc2451c46bfd0795.lock'
210 error     at Error (native)
210 error  { [Error: EACCES: permission denied, open '/Users/krishnadamarla/.npm/_locks/staging-fc2451c46bfd0795.lock']
210 error   errno: -13,
210 error   code: 'EACCES',
210 error   syscall: 'open',
210 error   path: '/Users/krishnadamarla/.npm/_locks/staging-fc2451c46bfd0795.lock' }
211 error Please try running this command again as root/Administrator.
212 verbose exit [ -13, true ]
